Unity Editor version:    6000.4.3f1 (39d1a88d4dd1)
Branch:                  6000.4/staging
Build type:              Release
Batch mode:              YES
macOS version:           Version 15.5 (Build 24F74)
Darwin version:          24.5.0
Architecture:            arm64
Running under Rosetta:   NO
Available memory:        8192 MB
Date:                    2026-06-08T15:01:01Z
[Licensing::Module] Trying to connect to existing licensing client channel...
No explicit failure code handling for error of type 1
[Licensing::IpcConnector] Error: Failed to connect to LicenseClient-alaasalem channel (error code: 0x80000000) .
[Licensing::IpcConnector] Error: Connection to channel: "LicenseClient-alaasalem" failed; code: "0x80000000"
[Licensing::IpcConnector] Error: Failed to connect to LicenseClient-alaasalem channel (error code: 0x80000000) .
No explicit failure code handling for error of type 1
[Licensing::IpcConnector] Error: Failed to connect to LicenseClient-alaasalem-6000.4.3 channel (error code: 0x80000000) .
[Licensing::IpcConnector] Error: Connection to channel: "LicenseClient-alaasalem-6000.4.3" failed; code: "0x80000000"
[Licensing::IpcConnector] Error: Failed to connect to LicenseClient-alaasalem-6000.4.3 channel (error code: 0x80000000) .
[Licensing::Module] Error: Licensing initialization failed after 0.00s
Launching external process: /Applications/Unity/Hub/Editor/6000.4.3f1/Unity.app/Contents/Helpers/PackageManager/Server/UnityPackageManager

COMMAND LINE ARGUMENTS:
/Applications/Unity/Hub/Editor/6000.4.3f1/Unity.app/Contents/MacOS/Unity
-batchmode
-nographics
-projectPath
/Users/alaasalem/Downloads/Raqs Model
-quit
-logFile
/Users/alaasalem/Downloads/Raqs Model/doum-tek-showcase-compile.log
Successfully changed project path to: /Users/alaasalem/Downloads/Raqs Model
/Users/alaasalem/Downloads/Raqs Model
[Package Manager] Server process was shutdown
